------------------------------------------------------------------------------------------------------------------------

[2015-05-01 18:49:03 #1 store] 
Database 'C:\Users\Delirus\Downloads\objectdb-2.6.1_05\db\points.odb' is opened by 4236@Amens

[2015-05-01 18:49:04 #2 type.registry] 
New type bazy.Point

[2015-05-01 18:49:04 #3 type] 
Type bazy.Point is not enhanced.

------------------------------------------------------------------------------------------------------------------------

[2015-05-01 18:50:00 #1 store] 
Database 'C:\Users\Delirus\Downloads\objectdb-2.6.1_05\db\points.odb' has been recovered (tr. 6-8)

[2015-05-01 18:50:00 #2 store] 
Database 'C:\Users\Delirus\Downloads\objectdb-2.6.1_05\db\points.odb' is opened by 4240@Amens

[2015-05-01 18:50:00 #3 type] 
Type bazy.Point is not enhanced.

[2015-05-01 18:50:01 #4 store] 
Database 'C:\Users\Delirus\Downloads\objectdb-2.6.1_05\db\points.odb' is closed by 4240@Amens

------------------------------------------------------------------------------------------------------------------------

[2015-05-01 18:50:44 #1 store] 
Database 'C:\Users\Delirus\Downloads\objectdb-2.6.1_05\db\pointers.odb' is opened by 4320@Amens

[2015-05-01 18:50:44 #2 type.registry] 
New type bazy.Point

[2015-05-01 18:50:44 #3 type] 
Type bazy.Point is not enhanced.

[2015-05-01 18:50:45 #4 store] 
Database 'C:\Users\Delirus\Downloads\objectdb-2.6.1_05\db\pointers.odb' is closed by 4320@Amens

------------------------------------------------------------------------------------------------------------------------

[2015-05-01 18:52:30 #1 store] 
Database 'C:\Users\Delirus\Downloads\objectdb-2.6.1_05\db\pointers.odb' is opened by 5292@Amens

[2015-05-01 18:52:31 #2 type] 
Type bazy.Point is not enhanced.

[2015-05-01 18:52:31 #3 store] 
Database 'C:\Users\Delirus\Downloads\objectdb-2.6.1_05\db\pointers.odb' is closed by 5292@Amens

------------------------------------------------------------------------------------------------------------------------

[2015-05-01 19:11:41 #1 store] 
Database 'C:\Users\Delirus\Downloads\objectdb-2.6.1_05\db\pointers.odb' is opened by 2192@Amens

[2015-05-01 19:25:41 #2 store] 
Database 'C:\Users\Delirus\Downloads\objectdb-2.6.1_05\db\pointers.odb' is closed by 2192@Amens

------------------------------------------------------------------------------------------------------------------------

[2015-05-01 19:26:08 #1 store] 
Database 'C:\Users\Delirus\Downloads\objectdb-2.6.1_05\db\pointers.odb' is opened by 3584@Amens

[2015-05-01 19:26:12 #2 store] 
Database 'C:\Users\Delirus\Downloads\objectdb-2.6.1_05\db\pointers.odb' is closed by 3584@Amens

