------------------------------------------------------------------------------------------------------------------------

[2015-05-02 00:06:56 #1 store] 
Database 'C:\Users\Delirus\Downloads\objectdb-2.6.1_05\db\pointers.odb' is opened by 3628@Amens

[2015-05-02 00:06:57 #2 type] 
Type bazy.Point is not enhanced.

[2015-05-02 00:06:57 #3 store] 
Database 'C:\Users\Delirus\Downloads\objectdb-2.6.1_05\db\pointers.odb' is closed by 3628@Amens

------------------------------------------------------------------------------------------------------------------------

[2015-05-02 13:11:12 #1 store] 
Database 'C:\Users\Delirus\Downloads\objectdb-2.6.1_05\db\interviewers.odb' is opened by 6992@Amens

[2015-05-02 13:11:12 #2 type.registry] 
New type bazy.Interviewer

------------------------------------------------------------------------------------------------------------------------

[2015-05-02 13:11:50 #1 store] 
Database 'C:\Users\Delirus\Downloads\objectdb-2.6.1_05\db\interviewers.odb' has been recovered (tr. 1-3)

[2015-05-02 13:11:50 #2 store] 
Database 'C:\Users\Delirus\Downloads\objectdb-2.6.1_05\db\interviewers.odb' is opened by 5616@Amens

[2015-05-02 13:11:50 #3 type] 
Type bazy.Interviewer is not enhanced.

[2015-05-02 13:11:50 #4 type.registry] 
New type bazy.InterviewerPrivileges

[2015-05-02 13:11:50 #5 type.registry] 
New type bazy.InterviewerSurveyPrivileges

[2015-05-02 13:11:50 #6 type.registry] 
New type java.util.ArrayList<java.lang.Object>

[2015-05-02 13:11:50 #7 type.registry] 
New type java.util.AbstractMap$SimpleEntry

[2015-05-02 13:11:50 #8 type.registry] 
New type java.util.TreeMap<java.lang.Object,java.lang.Object>

------------------------------------------------------------------------------------------------------------------------

[2015-05-02 13:20:58 #1 store] 
Database 'C:\Users\Delirus\Downloads\objectdb-2.6.1_05\db\interviewers.odb' has been recovered (tr. 4-7)

[2015-05-02 13:20:59 #2 store] 
Database 'C:\Users\Delirus\Downloads\objectdb-2.6.1_05\db\interviewers.odb' is opened by 2004@Amens

[2015-05-02 13:20:59 #3 type] 
Type bazy.Interviewer is not enhanced.

------------------------------------------------------------------------------------------------------------------------

[2015-05-02 13:21:42 #1 store] 
Database 'C:\Users\Delirus\Downloads\objectdb-2.6.1_05\db\interviewers.odb' has been recovered (tr. 8-8)

[2015-05-02 13:21:42 #2 store] 
Database 'C:\Users\Delirus\Downloads\objectdb-2.6.1_05\db\interviewers.odb' is opened by 2552@Amens

[2015-05-02 13:21:43 #3 type] 
Type bazy.Interviewer is not enhanced.

------------------------------------------------------------------------------------------------------------------------

[2015-05-02 13:25:11 #1 store] 
Database 'C:\Users\Delirus\Downloads\objectdb-2.6.1_05\db\interviewers.odb' has been recovered (tr. 9-9)

[2015-05-02 13:25:11 #2 store] 
Database 'C:\Users\Delirus\Downloads\objectdb-2.6.1_05\db\interviewers.odb' is opened by 6240@Amens

[2015-05-02 13:25:11 #3 type] 
Type bazy.Interviewer is not enhanced.

------------------------------------------------------------------------------------------------------------------------

[2015-05-02 13:51:45 #1 store] 
Database 'C:\Users\Delirus\Downloads\objectdb-2.6.1_05\db\interviewers.odb' is opened by 6972@Amens

[2015-05-02 13:51:45 #2 type] 
Type bazy.Interviewer is not enhanced.

------------------------------------------------------------------------------------------------------------------------

[2015-05-02 13:54:14 #1 store] 
Database 'C:\Users\Delirus\Downloads\objectdb-2.6.1_05\db\interviewers.odb' is opened by 3764@Amens

[2015-05-02 13:54:15 #2 type] 
Type bazy.Interviewer is not enhanced.

[2015-05-02 13:54:15 #3 type.registry] 
New type org.javatuples.Tuple

[2015-05-02 13:54:15 #4 type.registry] 
New type org.javatuples.valueintf.IValue0

[2015-05-02 13:54:15 #5 type.registry] 
New type org.javatuples.valueintf.IValue1

[2015-05-02 13:54:15 #6 type.registry] 
New type org.javatuples.Pair

------------------------------------------------------------------------------------------------------------------------

[2015-05-02 14:52:34 #1 store] 
Database 'C:\Users\Delirus\Downloads\objectdb-2.6.1_05\db\interviewers.odb' has been recovered (tr. 10-10)

[2015-05-02 14:52:34 #2 store] 
Database 'C:\Users\Delirus\Downloads\objectdb-2.6.1_05\db\interviewers.odb' is opened by 8036@Amens

[2015-05-02 14:52:34 #3 type] 
Type bazy.Interviewer is not enhanced.

[2015-05-02 14:52:34 #4 type.registry] 
New type bazy.Pair

[2015-05-02 14:52:34 #5 type] 
Type bazy.Pair is not enhanced.

[2015-05-02 14:52:34 #6 type.registry] 
New type java.util.TreeMap<java.lang.Long,bazy.InterviewerSurveyPrivileges>

