------------------------------------------------------------------------------------------------------------------------

[2015-05-03 23:43:59 #1 store] 
Database 'C:\Users\Delirus\Downloads\objectdb-2.6.1_05\db\interviewers.odb' has been recovered (tr. 11-12)

[2015-05-03 23:43:59 #2 store] 
Database 'C:\Users\Delirus\Downloads\objectdb-2.6.1_05\db\interviewers.odb' is opened by 4668@Amens

[2015-05-03 23:44:00 #3 type] 
Type bazy.Interviewer is not enhanced.

[2015-05-03 23:44:00 #4 type] 
Type bazy.InterviewerSurveyPrivileges is not enhanced.

[2015-05-03 23:44:00 #5 type] 
Type bazy.Pair is not enhanced.

------------------------------------------------------------------------------------------------------------------------

[2015-05-03 23:45:05 #1 store] 
Database 'C:\Users\Delirus\Downloads\objectdb-2.6.1_05\db\interviewers.odb' has been recovered (tr. 13-13)

[2015-05-03 23:45:05 #2 store] 
Database 'C:\Users\Delirus\Downloads\objectdb-2.6.1_05\db\interviewers.odb' is opened by 1968@Amens

[2015-05-03 23:45:05 #3 type] 
Type bazy.Interviewer is not enhanced.

[2015-05-03 23:45:05 #4 type] 
Type bazy.InterviewerPrivileges is not enhanced.

[2015-05-03 23:45:05 #5 type] 
Type bazy.InterviewerSurveyPrivileges is not enhanced.

[2015-05-03 23:45:05 #6 type] 
Type bazy.Pair is not enhanced.

------------------------------------------------------------------------------------------------------------------------

[2015-05-03 23:48:08 #1 store] 
Database 'C:\Users\Delirus\Downloads\objectdb-2.6.1_05\db\interviewers.odb' has been recovered (tr. 14-14)

[2015-05-03 23:48:09 #2 store] 
Database 'C:\Users\Delirus\Downloads\objectdb-2.6.1_05\db\interviewers.odb' is opened by 4592@Amens

[2015-05-03 23:48:09 #3 type] 
Type bazy.Interviewer is not enhanced.

[2015-05-03 23:48:09 #4 type] 
Type bazy.InterviewerPrivileges is not enhanced.

[2015-05-03 23:48:09 #5 type] 
Type bazy.InterviewerSurveyPrivileges is not enhanced.

[2015-05-03 23:48:09 #6 type] 
Type bazy.Pair is not enhanced.

------------------------------------------------------------------------------------------------------------------------

[2015-05-03 23:49:35 #1 store] 
Database 'C:\Users\Delirus\Downloads\objectdb-2.6.1_05\db\interviewers.odb' has been recovered (tr. 15-15)

[2015-05-03 23:49:35 #2 store] 
Database 'C:\Users\Delirus\Downloads\objectdb-2.6.1_05\db\interviewers.odb' is opened by 4168@Amens

[2015-05-03 23:49:35 #3 type] 
Type bazy.Interviewer is not enhanced.

[2015-05-03 23:49:35 #4 type] 
Type bazy.InterviewerPrivileges is not enhanced.

[2015-05-03 23:49:35 #5 type] 
Type bazy.InterviewerSurveyPrivileges is not enhanced.

[2015-05-03 23:49:35 #6 type] 
Type bazy.Pair is not enhanced.

[2015-05-03 23:49:35 #7 store] 
Database 'C:\Users\Delirus\Downloads\objectdb-2.6.1_05\db\interviewers.odb' is closed by 4168@Amens

------------------------------------------------------------------------------------------------------------------------

[2015-05-03 23:50:06 #1 store] 
Database 'C:\Users\Delirus\Downloads\objectdb-2.6.1_05\db\pointers.odb' is opened by 1916@Amens

------------------------------------------------------------------------------------------------------------------------

[2015-05-03 23:51:03 #1 store] 
Database 'C:\Users\Delirus\Downloads\objectdb-2.6.1_05\db\interviewers.odb' is opened by 8168@Amens

[2015-05-03 23:51:03 #2 type] 
Type bazy.Interviewer is not enhanced.

[2015-05-03 23:51:03 #3 type] 
Type bazy.InterviewerPrivileges is not enhanced.

[2015-05-03 23:51:03 #4 type] 
Type bazy.InterviewerSurveyPrivileges is not enhanced.

[2015-05-03 23:51:03 #5 type] 
Type bazy.Pair is not enhanced.

------------------------------------------------------------------------------------------------------------------------

[2015-05-03 23:51:41 #1 store] 
Database 'C:\Users\Delirus\Downloads\objectdb-2.6.1_05\db\interviewers.odb' is opened by 6984@Amens

[2015-05-03 23:51:41 #2 type] 
Type bazy.Interviewer is not enhanced.

[2015-05-03 23:51:41 #3 type] 
Type bazy.InterviewerPrivileges is not enhanced.

[2015-05-03 23:51:41 #4 type] 
Type bazy.InterviewerSurveyPrivileges is not enhanced.

[2015-05-03 23:51:41 #5 type] 
Type bazy.Pair is not enhanced.

[2015-05-03 23:51:41 #6 store] 
Database 'C:\Users\Delirus\Downloads\objectdb-2.6.1_05\db\interviewers.odb' is closed by 6984@Amens

[2015-05-03 23:54:40 #2 store] 
Database 'C:\Users\Delirus\Downloads\objectdb-2.6.1_05\db\pointers.odb' is closed by 1916@Amens

------------------------------------------------------------------------------------------------------------------------

[2015-05-03 23:56:00 #1 store] 
Database 'C:\Users\Delirus\Downloads\objectdb-2.6.1_05\db\pointers.odb' is opened by 3132@Amens

[2015-05-03 23:56:29 #2 store] 
Database 'C:\Users\Delirus\Downloads\objectdb-2.6.1_05\db\pointers.odb' is closed by 3132@Amens

------------------------------------------------------------------------------------------------------------------------

[2015-05-03 23:56:57 #1 store] 
Database 'C:\Users\Delirus\Downloads\objectdb-2.6.1_05\db\pointers.odb' is opened by 5512@Amens

[2015-05-03 23:57:19 #2 store] 
Database 'C:\Users\Delirus\Downloads\objectdb-2.6.1_05\db\pointers.odb' is closed by 5512@Amens

[2015-05-03 23:57:19 #3 store] 
Database 'C:\Users\Delirus\Downloads\objectdb-2.6.1_05\db\interviewers.odb' is opened by 5512@Amens

[2015-05-04 00:00:36 #4 store] 
Database 'C:\Users\Delirus\Downloads\objectdb-2.6.1_05\db\interviewers.odb' is closed by 5512@Amens

